<?xml version="1.0" encoding="UTF-8"?>
<!-- Generated by org.testng.reporters.JUnitReportReporter -->
<testsuite hostname="DESKTOP-5G75CIH" failures="0" tests="1" name="Flipkart.AddAProductToCartTest" time="41.933" errors="0" timestamp="2023-11-29T16:59:31 IST" skipped="0">
  <testcase classname="Flipkart.AddAProductToCartTest" name="addAProductToCartTest" time="41.933"/>
  <system-out/>
</testsuite> <!-- Flipkart.AddAProductToCartTest -->
